mode: set
devbot/main.go:19.13,22.22 3 0
devbot/main.go:22.22,26.3 3 0
devbot/main.go:27.2,29.18 2 0
devbot/main.go:29.18,32.3 2 0
devbot/main.go:34.2,35.16 2 0
devbot/main.go:35.16,37.3 1 0
devbot/main.go:39.2,43.16 4 0
devbot/main.go:43.16,45.3 1 0
devbot/main.go:47.2,64.12 10 0
devbot/main.go:64.12,70.3 5 0
devbot/main.go:72.2,73.56 2 0
devbot/main.go:73.56,75.23 1 0
devbot/main.go:75.23,77.4 1 0
devbot/main.go:78.3,78.41 1 0
devbot/main.go:82.2,82.26 1 0
devbot/main.go:82.26,84.42 2 0
devbot/main.go:84.42,86.4 1 0
devbot/main.go:86.9,89.4 2 0
devbot/main.go:92.2,93.35 2 0
devbot/internal/version/version.go:12.22,14.2 1 1
devbot/internal/bot/app.go:12.94,20.2 2 0
devbot/internal/bot/app.go:22.64,24.96 1 1
devbot/internal/bot/app.go:24.96,26.10 1 0
devbot/internal/bot/app.go:29.80,30.23 1 1
devbot/internal/bot/app.go:30.23,32.6 1 0
devbot/internal/bot/app.go:33.5,39.15 4 1
devbot/internal/bot/app.go:39.15,41.6 1 1
devbot/internal/bot/app.go:43.5,43.12 1 1
devbot/internal/bot/app.go:44.25,45.19 1 1
devbot/internal/bot/app.go:46.23,47.25 1 1
devbot/internal/bot/claude.go:32.89,38.2 1 1
devbot/internal/bot/claude.go:40.130,42.21 2 1
devbot/internal/bot/claude.go:42.21,44.3 1 1
devbot/internal/bot/claude.go:45.2,45.17 1 1
devbot/internal/bot/claude.go:45.17,47.3 1 1
devbot/internal/bot/claude.go:48.2,48.30 1 1
devbot/internal/bot/claude.go:48.30,50.3 1 1
devbot/internal/bot/claude.go:52.2,62.36 8 1
devbot/internal/bot/claude.go:62.36,64.3 1 1
devbot/internal/bot/claude.go:66.2,80.16 12 1
devbot/internal/bot/claude.go:80.16,81.44 1 1
devbot/internal/bot/claude.go:81.44,83.4 1 1
devbot/internal/bot/claude.go:84.3,84.88 1 1
devbot/internal/bot/claude.go:87.2,89.24 3 1
devbot/internal/bot/claude.go:89.24,91.3 1 1
devbot/internal/bot/claude.go:91.8,93.3 1 1
devbot/internal/bot/claude.go:95.2,102.62 2 1
devbot/internal/bot/claude.go:102.62,104.3 1 1
devbot/internal/bot/claude.go:105.2,106.18 2 1
devbot/internal/bot/claude.go:106.18,108.19 2 1
devbot/internal/bot/claude.go:108.19,110.4 1 1
devbot/internal/bot/claude.go:111.3,111.87 1 1
devbot/internal/bot/claude.go:114.2,116.53 2 1
devbot/internal/bot/claude.go:116.53,119.3 2 1
devbot/internal/bot/claude.go:120.2,120.67 1 1
devbot/internal/bot/claude.go:123.39,128.16 4 1
devbot/internal/bot/claude.go:128.16,130.3 1 1
devbot/internal/bot/claude.go:131.2,131.27 1 1
devbot/internal/bot/claude.go:134.43,138.2 3 1
devbot/internal/bot/claude.go:140.49,144.2 3 1
devbot/internal/bot/claude.go:146.41,150.2 3 1
devbot/internal/bot/claude.go:154.63,156.6 2 1
devbot/internal/bot/claude.go:156.6,157.21 1 1
devbot/internal/bot/claude.go:157.21,159.4 1 1
devbot/internal/bot/claude.go:160.3,160.10 1 1
devbot/internal/bot/claude.go:161.19,162.16 1 1
devbot/internal/bot/claude.go:163.45,163.45 0 1
devbot/internal/bot/claude.go:168.42,172.2 3 1
devbot/internal/bot/claude.go:174.59,178.2 3 1
devbot/internal/bot/claude.go:185.65,188.28 3 1
devbot/internal/bot/claude.go:188.28,189.38 1 1
devbot/internal/bot/claude.go:189.38,191.4 1 1
devbot/internal/bot/claude.go:191.9,193.4 1 1
devbot/internal/bot/claude.go:195.2,195.20 1 1
devbot/internal/bot/claude.go:198.58,208.52 2 1
devbot/internal/bot/claude.go:208.52,210.3 1 1
devbot/internal/bot/claude.go:211.2,212.34 2 1
devbot/internal/bot/claude.go:212.34,215.33 3 1
devbot/internal/bot/claude.go:215.33,217.4 1 1
devbot/internal/bot/claude.go:218.3,218.53 1 1
devbot/internal/bot/claude.go:220.2,220.20 1 1
devbot/internal/bot/claude.go:234.55,235.16 1 1
devbot/internal/bot/claude.go:235.16,237.3 1 1
devbot/internal/bot/claude.go:238.2,244.48 2 1
devbot/internal/bot/claude.go:244.48,246.3 1 1
devbot/internal/bot/claude.go:247.2,248.30 2 1
devbot/internal/bot/claude.go:248.30,249.23 1 1
devbot/internal/bot/claude.go:249.23,251.4 1 1
devbot/internal/bot/claude.go:253.2,253.20 1 1
devbot/internal/bot/claude.go:259.166,261.21 2 1
devbot/internal/bot/claude.go:261.21,263.3 1 1
devbot/internal/bot/claude.go:264.2,264.17 1 1
devbot/internal/bot/claude.go:264.17,266.3 1 1
devbot/internal/bot/claude.go:267.2,267.30 1 1
devbot/internal/bot/claude.go:267.30,269.3 1 1
devbot/internal/bot/claude.go:271.2,278.16 6 1
devbot/internal/bot/claude.go:278.16,280.3 1 0
devbot/internal/bot/claude.go:281.2,284.36 3 1
devbot/internal/bot/claude.go:284.36,286.3 1 1
devbot/internal/bot/claude.go:288.2,299.21 9 1
devbot/internal/bot/claude.go:299.21,301.21 2 1
devbot/internal/bot/claude.go:301.21,302.12 1 1
devbot/internal/bot/claude.go:305.3,306.51 2 1
devbot/internal/bot/claude.go:306.51,308.12 2 1
devbot/internal/bot/claude.go:311.3,311.18 1 1
devbot/internal/bot/claude.go:312.20,314.39 2 1
devbot/internal/bot/claude.go:314.39,316.5 1 1
devbot/internal/bot/claude.go:317.17,318.63 1 1
devbot/internal/bot/claude.go:319.17,323.56 4 1
devbot/internal/bot/claude.go:323.56,325.5 1 1
devbot/internal/bot/claude.go:326.4,326.18 1 1
devbot/internal/bot/claude.go:326.18,336.43 10 1
devbot/internal/bot/claude.go:336.43,338.6 1 1
devbot/internal/bot/claude.go:339.5,339.21 1 1
devbot/internal/bot/claude.go:339.21,341.6 1 1
devbot/internal/bot/claude.go:342.5,342.54 1 1
devbot/internal/bot/claude.go:342.54,345.6 2 1
devbot/internal/bot/claude.go:346.5,346.87 1 1
devbot/internal/bot/claude.go:348.4,348.20 1 1
devbot/internal/bot/claude.go:352.2,361.16 8 1
devbot/internal/bot/claude.go:361.16,362.44 1 1
devbot/internal/bot/claude.go:362.44,364.4 1 1
devbot/internal/bot/claude.go:365.3,365.21 1 1
devbot/internal/bot/claude.go:365.21,367.4 1 1
devbot/internal/bot/claude.go:368.3,368.70 1 1
devbot/internal/bot/claude.go:371.2,371.20 1 1
devbot/internal/bot/config.go:41.35,43.2 1 1
devbot/internal/bot/config.go:49.56,52.22 2 1
devbot/internal/bot/config.go:52.22,54.17 2 1
devbot/internal/bot/config.go:54.17,56.4 1 1
devbot/internal/bot/config.go:57.3,57.51 1 1
devbot/internal/bot/config.go:57.51,59.4 1 1
devbot/internal/bot/config.go:63.2,63.46 1 1
devbot/internal/bot/config.go:63.46,64.20 1 1
devbot/internal/bot/config.go:64.20,66.4 1 1
devbot/internal/bot/config.go:67.3,67.46 1 1
devbot/internal/bot/config.go:70.2,72.36 3 1
devbot/internal/bot/config.go:72.36,74.3 1 1
devbot/internal/bot/config.go:77.2,78.32 2 1
devbot/internal/bot/config.go:78.32,79.40 1 1
devbot/internal/bot/config.go:79.40,81.16 2 1
devbot/internal/bot/config.go:81.16,83.5 1 1
devbot/internal/bot/config.go:85.8,87.23 2 1
devbot/internal/bot/config.go:87.23,88.54 1 1
devbot/internal/bot/config.go:88.54,90.17 2 1
devbot/internal/bot/config.go:90.17,92.6 1 1
devbot/internal/bot/config.go:96.2,96.30 1 1
devbot/internal/bot/config.go:96.30,98.3 1 1
devbot/internal/bot/config.go:100.2,103.20 3 1
devbot/internal/bot/config.go:103.20,105.3 1 1
devbot/internal/bot/config.go:107.2,108.22 2 1
devbot/internal/bot/config.go:108.22,110.3 1 1
devbot/internal/bot/config.go:112.2,113.23 2 1
devbot/internal/bot/config.go:113.23,115.3 1 1
devbot/internal/bot/config.go:117.2,118.24 2 1
devbot/internal/bot/config.go:118.24,119.74 1 1
devbot/internal/bot/config.go:119.74,120.54 1 1
devbot/internal/bot/config.go:120.54,122.5 1 1
devbot/internal/bot/config.go:125.2,125.24 1 1
devbot/internal/bot/config.go:125.24,127.3 1 1
devbot/internal/bot/config.go:129.2,130.21 2 1
devbot/internal/bot/config.go:130.21,132.3 1 1
devbot/internal/bot/config.go:134.2,137.27 3 1
devbot/internal/bot/config.go:137.27,139.3 1 1
devbot/internal/bot/config.go:139.8,139.96 1 1
devbot/internal/bot/config.go:139.96,141.3 1 1
devbot/internal/bot/config.go:143.2,154.8 1 1
devbot/internal/bot/doc.go:28.51,30.2 1 0
devbot/internal/bot/doc.go:34.106,43.16 3 0
devbot/internal/bot/doc.go:43.16,45.3 1 0
devbot/internal/bot/doc.go:46.2,46.27 1 0
devbot/internal/bot/doc.go:46.27,48.3 1 0
devbot/internal/bot/doc.go:50.2,50.109 1 0
devbot/internal/bot/doc.go:50.109,52.3 1 0
devbot/internal/bot/doc.go:53.2,57.19 3 0
devbot/internal/bot/doc.go:57.19,59.57 2 0
devbot/internal/bot/doc.go:59.57,61.25 2 0
devbot/internal/bot/doc.go:61.25,63.5 1 0
devbot/internal/bot/doc.go:64.4,77.18 4 0
devbot/internal/bot/doc.go:77.18,79.5 1 0
devbot/internal/bot/doc.go:80.4,80.28 1 0
devbot/internal/bot/doc.go:80.28,82.5 1 0
devbot/internal/bot/doc.go:86.2,86.27 1 0
devbot/internal/bot/doc.go:90.87,96.16 3 0
devbot/internal/bot/doc.go:96.16,98.3 1 0
devbot/internal/bot/doc.go:99.2,99.21 1 0
devbot/internal/bot/doc.go:99.21,101.3 1 0
devbot/internal/bot/doc.go:103.2,103.50 1 0
devbot/internal/bot/doc.go:103.50,105.3 1 0
devbot/internal/bot/doc.go:106.2,106.32 1 0
devbot/internal/bot/doc.go:112.61,115.29 3 0
devbot/internal/bot/doc.go:115.29,116.17 1 0
devbot/internal/bot/doc.go:116.17,118.4 1 0
devbot/internal/bot/doc.go:119.3,129.33 3 0
devbot/internal/bot/doc.go:131.2,131.15 1 0
devbot/internal/bot/doc.go:139.36,141.15 2 1
devbot/internal/bot/doc.go:141.15,143.3 1 1
devbot/internal/bot/doc.go:146.2,146.35 1 1
devbot/internal/bot/doc.go:146.35,148.3 1 1
devbot/internal/bot/doc.go:150.2,151.16 2 1
devbot/internal/bot/doc.go:151.16,153.3 1 1
devbot/internal/bot/doc.go:156.2,157.43 2 1
devbot/internal/bot/doc.go:157.43,159.3 1 1
devbot/internal/bot/doc.go:162.2,162.39 1 1
devbot/internal/bot/doc.go:162.39,163.21 1 1
devbot/internal/bot/doc.go:163.21,165.4 1 1
devbot/internal/bot/doc.go:167.2,167.12 1 1
devbot/internal/bot/handler.go:110.148,119.2 1 1
devbot/internal/bot/handler.go:121.92,123.16 2 1
devbot/internal/bot/handler.go:123.16,125.3 1 0
devbot/internal/bot/handler.go:127.2,128.51 2 1
devbot/internal/bot/handler.go:128.51,130.3 1 0
devbot/internal/bot/handler.go:132.2,132.60 1 1
devbot/internal/bot/handler.go:132.60,134.3 1 1
devbot/internal/bot/handler.go:136.2,136.43 1 1
devbot/internal/bot/handler.go:136.43,137.26 1 1
devbot/internal/bot/handler.go:137.26,139.4 1 1
devbot/internal/bot/handler.go:142.2,148.39 5 1
devbot/internal/bot/handler.go:149.14,151.85 2 1
devbot/internal/bot/handler.go:151.85,153.4 1 1
devbot/internal/bot/handler.go:154.3,155.17 2 1
devbot/internal/bot/handler.go:155.17,157.4 1 1
devbot/internal/bot/handler.go:159.3,159.80 1 1
devbot/internal/bot/handler.go:159.80,162.4 2 1
devbot/internal/bot/handler.go:163.3,163.44 1 1
devbot/internal/bot/handler.go:165.14,167.68 1 1
devbot/internal/bot/handler.go:167.68,169.4 1 1
devbot/internal/bot/handler.go:169.9,171.4 1 1
devbot/internal/bot/handler.go:173.21,175.68 1 1
devbot/internal/bot/handler.go:175.68,177.4 1 1
devbot/internal/bot/handler.go:179.15,180.75 1 1
devbot/internal/bot/handler.go:182.14,183.74 1 1
devbot/internal/bot/handler.go:186.2,186.12 1 1
devbot/internal/bot/handler.go:189.98,191.69 2 1
devbot/internal/bot/handler.go:191.69,194.3 2 1
devbot/internal/bot/handler.go:195.2,195.28 1 1
devbot/internal/bot/handler.go:195.28,197.3 1 1
devbot/internal/bot/handler.go:198.2,198.25 1 1
devbot/internal/bot/handler.go:198.25,201.3 2 1
devbot/internal/bot/handler.go:203.2,204.16 2 1
devbot/internal/bot/handler.go:204.16,206.22 2 1
devbot/internal/bot/handler.go:206.22,208.4 1 1
devbot/internal/bot/handler.go:209.3,209.9 1 1
devbot/internal/bot/handler.go:211.2,214.16 3 1
devbot/internal/bot/handler.go:214.16,217.3 2 1
devbot/internal/bot/handler.go:218.2,218.30 1 1
devbot/internal/bot/handler.go:218.30,220.22 2 1
devbot/internal/bot/handler.go:220.22,222.4 1 1
devbot/internal/bot/handler.go:223.3,223.9 1 1
devbot/internal/bot/handler.go:226.2,227.45 2 1
devbot/internal/bot/handler.go:228.43,229.15 1 1
devbot/internal/bot/handler.go:230.42,231.15 1 1
devbot/internal/bot/handler.go:232.43,233.16 1 1
devbot/internal/bot/handler.go:235.2,235.70 1 1
devbot/internal/bot/handler.go:238.97,240.69 2 1
devbot/internal/bot/handler.go:240.69,243.3 2 1
devbot/internal/bot/handler.go:244.2,244.27 1 1
devbot/internal/bot/handler.go:244.27,246.3 1 1
devbot/internal/bot/handler.go:247.2,247.25 1 1
devbot/internal/bot/handler.go:247.25,250.3 2 1
devbot/internal/bot/handler.go:252.2,253.16 2 1
devbot/internal/bot/handler.go:253.16,255.22 2 1
devbot/internal/bot/handler.go:255.22,257.4 1 1
devbot/internal/bot/handler.go:258.3,258.9 1 1
devbot/internal/bot/handler.go:260.2,263.16 3 1
devbot/internal/bot/handler.go:263.16,266.3 2 1
devbot/internal/bot/handler.go:267.2,267.29 1 1
devbot/internal/bot/handler.go:267.29,269.22 2 1
devbot/internal/bot/handler.go:269.22,271.4 1 1
devbot/internal/bot/handler.go:272.3,272.9 1 1
devbot/internal/bot/handler.go:276.2,277.20 2 1
devbot/internal/bot/handler.go:277.20,279.3 1 1
devbot/internal/bot/handler.go:280.2,280.20 1 1
devbot/internal/bot/handler.go:280.20,282.3 1 1
devbot/internal/bot/handler.go:284.2,284.57 1 1
devbot/internal/bot/handler.go:289.59,291.28 2 1
devbot/internal/bot/handler.go:291.28,293.3 1 1
devbot/internal/bot/handler.go:294.2,294.79 1 1
devbot/internal/bot/handler.go:294.79,296.3 1 1
devbot/internal/bot/handler.go:297.2,297.15 1 1
devbot/internal/bot/handler.go:300.55,301.47 1 1
devbot/internal/bot/handler.go:301.47,302.29 1 1
devbot/internal/bot/handler.go:302.29,304.4 1 1
devbot/internal/bot/handler.go:306.2,306.14 1 1
devbot/internal/bot/handler.go:309.72,310.47 1 1
devbot/internal/bot/handler.go:310.47,312.3 1 1
devbot/internal/bot/handler.go:313.2,313.32 1 1
devbot/internal/bot/handler.go:317.104,319.79 2 1
devbot/internal/bot/handler.go:319.79,322.3 2 1
devbot/internal/bot/handler.go:325.2,327.34 3 1
devbot/internal/bot/handler.go:327.34,328.29 1 1
devbot/internal/bot/handler.go:328.29,329.20 1 1
devbot/internal/bot/handler.go:330.16,331.51 1 1
devbot/internal/bot/handler.go:331.51,333.6 1 1
devbot/internal/bot/handler.go:334.15,335.28 1 1
devbot/internal/bot/handler.go:335.28,337.6 1 1
devbot/internal/bot/handler.go:338.13,339.51 1 1
devbot/internal/bot/handler.go:339.51,341.6 1 1
devbot/internal/bot/handler.go:345.2,345.20 1 1
devbot/internal/bot/handler.go:345.20,347.3 1 1
devbot/internal/bot/handler.go:349.2,353.32 3 1
devbot/internal/bot/handler.go:353.32,354.78 1 1
devbot/internal/bot/handler.go:354.78,356.4 1 1
devbot/internal/bot/handler.go:359.2,359.36 1 1
devbot/internal/bot/handler.go:359.36,361.3 1 1
devbot/internal/bot/handler.go:363.2,363.22 1 1
devbot/internal/bot/handler.go:363.22,366.3 1 1
devbot/internal/bot/handler.go:366.8,369.3 1 1
devbot/internal/bot/handler.go:373.115,374.25 1 1
devbot/internal/bot/handler.go:374.25,377.3 2 1
devbot/internal/bot/handler.go:379.2,380.16 2 1
devbot/internal/bot/handler.go:380.16,383.3 2 1
devbot/internal/bot/handler.go:384.2,387.16 3 1
devbot/internal/bot/handler.go:387.16,390.3 2 1
devbot/internal/bot/handler.go:391.2,391.30 1 1
devbot/internal/bot/handler.go:391.30,394.3 2 1
devbot/internal/bot/handler.go:396.2,397.45 2 1
devbot/internal/bot/handler.go:398.43,399.15 1 1
devbot/internal/bot/handler.go:400.42,401.15 1 1
devbot/internal/bot/handler.go:402.43,403.16 1 1
devbot/internal/bot/handler.go:406.2,406.63 1 1
devbot/internal/bot/handler.go:410.39,412.17 2 1
devbot/internal/bot/handler.go:412.17,414.3 1 1
devbot/internal/bot/handler.go:415.2,415.11 1 1
devbot/internal/bot/lark_downloader.go:19.61,21.2 1 0
devbot/internal/bot/lark_downloader.go:26.112,34.16 3 0
devbot/internal/bot/lark_downloader.go:34.16,36.3 1 0
devbot/internal/bot/lark_downloader.go:37.2,37.21 1 0
devbot/internal/bot/lark_downloader.go:37.21,39.3 1 0
devbot/internal/bot/lark_downloader.go:41.2,41.37 1 0
devbot/internal/bot/lark_downloader.go:46.118,54.16 3 0
devbot/internal/bot/lark_downloader.go:54.16,56.3 1 0
devbot/internal/bot/lark_downloader.go:57.2,57.21 1 0
devbot/internal/bot/lark_downloader.go:57.21,59.3 1 0
devbot/internal/bot/lark_downloader.go:61.2,61.52 1 0
devbot/internal/bot/lark_downloader.go:68.46,69.37 1 0
devbot/internal/bot/lark_downloader.go:69.37,71.3 1 0
devbot/internal/bot/lark_downloader.go:72.2,72.24 1 0
devbot/internal/bot/queue.go:16.38,21.2 1 1
devbot/internal/bot/queue.go:23.66,27.9 4 1
devbot/internal/bot/queue.go:27.9,34.3 6 1
devbot/internal/bot/queue.go:35.2,38.9 3 1
devbot/internal/bot/queue.go:39.18,40.13 1 1
devbot/internal/bot/queue.go:41.10,43.54 2 1
devbot/internal/bot/queue.go:47.59,49.23 2 1
devbot/internal/bot/queue.go:49.23,52.3 2 1
devbot/internal/bot/queue.go:55.56,59.16 4 1
devbot/internal/bot/queue.go:59.16,61.3 1 1
devbot/internal/bot/queue.go:62.2,62.35 1 1
devbot/internal/bot/queue.go:66.35,68.30 2 1
devbot/internal/bot/queue.go:68.30,70.3 1 1
devbot/internal/bot/queue.go:71.2,78.15 6 1
devbot/internal/bot/router.go:28.168,29.28 1 1
devbot/internal/bot/router.go:29.28,31.3 1 1
devbot/internal/bot/router.go:32.2,40.3 1 1
devbot/internal/bot/router.go:43.44,45.2 1 1
devbot/internal/bot/router.go:47.25,48.39 1 1
devbot/internal/bot/router.go:48.39,50.3 1 1
devbot/internal/bot/router.go:53.74,54.29 1 1
devbot/internal/bot/router.go:54.29,57.3 2 1
devbot/internal/bot/router.go:59.2,60.16 2 1
devbot/internal/bot/router.go:60.16,62.3 1 1
devbot/internal/bot/router.go:64.2,64.34 1 1
devbot/internal/bot/router.go:64.34,68.3 3 1
devbot/internal/bot/router.go:70.2,70.35 1 1
devbot/internal/bot/router.go:73.74,77.20 4 1
devbot/internal/bot/router.go:77.20,79.3 1 1
devbot/internal/bot/router.go:81.2,81.13 1 1
devbot/internal/bot/router.go:82.15,83.25 1 1
devbot/internal/bot/router.go:84.15,85.25 1 1
devbot/internal/bot/router.go:86.18,87.28 1 1
devbot/internal/bot/router.go:88.17,89.27 1 1
devbot/internal/bot/router.go:90.14,91.24 1 1
devbot/internal/bot/router.go:92.13,93.23 1 1
devbot/internal/bot/router.go:94.15,95.31 1 1
devbot/internal/bot/router.go:96.13,97.29 1 1
devbot/internal/bot/router.go:98.14,99.31 1 1
devbot/internal/bot/router.go:100.19,101.29 1 1
devbot/internal/bot/router.go:102.17,103.33 1 1
devbot/internal/bot/router.go:104.15,105.25 1 1
devbot/internal/bot/router.go:106.16,107.32 1 1
devbot/internal/bot/router.go:108.15,109.25 1 1
devbot/internal/bot/router.go:110.15,111.25 1 1
devbot/internal/bot/router.go:112.15,113.25 1 1
devbot/internal/bot/router.go:114.18,115.28 1 1
devbot/internal/bot/router.go:116.14,117.30 1 1
devbot/internal/bot/router.go:118.15,119.32 1 1
devbot/internal/bot/router.go:120.17,121.33 1 1
devbot/internal/bot/router.go:122.15,123.32 1 1
devbot/internal/bot/router.go:124.15,125.25 1 1
devbot/internal/bot/router.go:126.16,127.17 1 1
devbot/internal/bot/router.go:127.17,129.4 1 1
devbot/internal/bot/router.go:129.9,131.4 1 1
devbot/internal/bot/router.go:132.14,133.30 1 1
devbot/internal/bot/router.go:134.17,135.33 1 1
devbot/internal/bot/router.go:136.17,137.25 1 1
devbot/internal/bot/router.go:138.16,139.26 1 1
devbot/internal/bot/router.go:140.15,141.25 1 1
devbot/internal/bot/router.go:142.15,143.31 1 1
devbot/internal/bot/router.go:144.13,145.29 1 1
devbot/internal/bot/router.go:146.18,147.28 1 1
devbot/internal/bot/router.go:148.15,149.31 1 1
devbot/internal/bot/router.go:150.15,151.31 1 1
devbot/internal/bot/router.go:152.17,153.33 1 1
devbot/internal/bot/router.go:154.16,155.26 1 1
devbot/internal/bot/router.go:156.13,157.29 1 1
devbot/internal/bot/router.go:158.15,159.31 1 1
devbot/internal/bot/router.go:160.15,161.31 1 1
devbot/internal/bot/router.go:162.14,163.30 1 1
devbot/internal/bot/router.go:164.10,166.58 2 1
devbot/internal/bot/router.go:166.58,168.4 1 1
devbot/internal/bot/router.go:169.3,169.38 1 1
devbot/internal/bot/router.go:173.52,175.2 1 1
devbot/internal/bot/router.go:177.62,230.2 2 1
devbot/internal/bot/router.go:232.62,235.2 2 1
devbot/internal/bot/router.go:237.65,239.2 1 1
devbot/internal/bot/router.go:241.64,245.16 4 1
devbot/internal/bot/router.go:245.16,247.3 1 1
devbot/internal/bot/router.go:249.2,250.20 2 1
devbot/internal/bot/router.go:250.20,252.3 1 1
devbot/internal/bot/router.go:254.2,256.32 3 1
devbot/internal/bot/router.go:256.32,258.3 1 1
devbot/internal/bot/router.go:260.2,261.28 2 1
devbot/internal/bot/router.go:261.28,263.3 1 1
devbot/internal/bot/router.go:264.2,265.22 2 1
devbot/internal/bot/router.go:265.22,267.3 1 1
devbot/internal/bot/router.go:268.2,270.21 3 1
devbot/internal/bot/router.go:270.21,272.3 1 1
devbot/internal/bot/router.go:273.2,274.19 2 1
devbot/internal/bot/router.go:274.19,276.3 1 1
devbot/internal/bot/router.go:277.2,290.77 2 1
devbot/internal/bot/router.go:293.61,296.2 2 1
devbot/internal/bot/router.go:298.60,301.16 3 1
devbot/internal/bot/router.go:301.16,304.3 2 1
devbot/internal/bot/router.go:305.2,306.28 2 1
devbot/internal/bot/router.go:306.28,307.53 1 1
devbot/internal/bot/router.go:307.53,309.4 1 1
devbot/internal/bot/router.go:311.2,311.20 1 1
devbot/internal/bot/router.go:311.20,314.3 2 1
devbot/internal/bot/router.go:315.2,318.4 1 1
devbot/internal/bot/router.go:321.68,322.16 1 1
devbot/internal/bot/router.go:322.16,325.3 2 1
devbot/internal/bot/router.go:326.2,326.27 1 1
devbot/internal/bot/router.go:326.27,329.3 2 1
devbot/internal/bot/router.go:330.2,333.77 2 1
devbot/internal/bot/router.go:333.77,336.3 2 1
devbot/internal/bot/router.go:337.2,338.16 2 1
devbot/internal/bot/router.go:338.16,341.3 2 1
devbot/internal/bot/router.go:342.2,342.19 1 1
devbot/internal/bot/router.go:342.19,345.3 2 1
devbot/internal/bot/router.go:346.2,348.84 3 1
devbot/internal/bot/router.go:351.66,352.16 1 1
devbot/internal/bot/router.go:352.16,355.3 2 1
devbot/internal/bot/router.go:356.2,360.26 4 1
devbot/internal/bot/router.go:360.26,362.3 1 1
devbot/internal/bot/router.go:362.8,364.3 1 1
devbot/internal/bot/router.go:365.2,368.30 2 1
devbot/internal/bot/router.go:368.30,371.3 2 1
devbot/internal/bot/router.go:373.2,373.43 1 1
devbot/internal/bot/router.go:373.43,376.59 2 1
devbot/internal/bot/router.go:376.59,378.30 2 1
devbot/internal/bot/router.go:378.30,379.55 1 1
devbot/internal/bot/router.go:379.55,381.6 1 1
devbot/internal/bot/router.go:383.4,383.21 1 1
devbot/internal/bot/router.go:383.21,385.5 1 1
devbot/internal/bot/router.go:387.3,388.9 2 1
devbot/internal/bot/router.go:390.2,390.49 1 1
devbot/internal/bot/router.go:390.49,392.27 1 1
devbot/internal/bot/router.go:392.27,394.4 1 1
devbot/internal/bot/router.go:395.3,395.49 1 1
devbot/internal/bot/router.go:395.49,397.4 1 1
devbot/internal/bot/router.go:399.3,401.20 3 1
devbot/internal/bot/router.go:403.2,404.77 2 1
devbot/internal/bot/router.go:407.68,410.49 3 1
devbot/internal/bot/router.go:410.49,412.30 2 1
devbot/internal/bot/router.go:412.30,414.4 1 1
devbot/internal/bot/router.go:415.3,416.20 2 1
devbot/internal/bot/router.go:418.2,419.24 2 1
devbot/internal/bot/router.go:419.24,421.3 1 1
devbot/internal/bot/router.go:421.8,423.3 1 1
devbot/internal/bot/router.go:426.66,428.64 2 1
devbot/internal/bot/router.go:428.64,431.3 2 1
devbot/internal/bot/router.go:433.2,434.44 2 1
devbot/internal/bot/router.go:434.44,436.3 1 1
devbot/internal/bot/router.go:437.2,438.37 2 1
devbot/internal/bot/router.go:438.37,440.49 2 1
devbot/internal/bot/router.go:440.49,442.4 1 1
devbot/internal/bot/router.go:443.3,443.92 1 1
devbot/internal/bot/router.go:445.2,445.35 1 1
devbot/internal/bot/router.go:445.35,447.70 2 1
devbot/internal/bot/router.go:447.70,449.4 1 1
devbot/internal/bot/router.go:450.3,450.95 1 1
devbot/internal/bot/router.go:452.2,452.100 1 1
devbot/internal/bot/router.go:455.70,456.16 1 1
devbot/internal/bot/router.go:456.16,459.3 2 1
devbot/internal/bot/router.go:460.2,464.74 3 1
devbot/internal/bot/router.go:464.74,468.51 4 1
devbot/internal/bot/router.go:468.51,470.4 1 1
devbot/internal/bot/router.go:470.9,473.4 2 1
devbot/internal/bot/router.go:476.2,476.49 1 1
devbot/internal/bot/router.go:476.49,477.30 1 1
devbot/internal/bot/router.go:477.30,479.4 1 1
devbot/internal/bot/router.go:480.3,481.20 2 1
devbot/internal/bot/router.go:483.2,484.85 2 1
devbot/internal/bot/router.go:487.62,488.42 1 1
devbot/internal/bot/router.go:488.42,491.3 2 1
devbot/internal/bot/router.go:492.2,492.58 1 1
devbot/internal/bot/router.go:495.69,496.16 1 1
devbot/internal/bot/router.go:496.16,499.20 3 1
devbot/internal/bot/router.go:499.20,501.4 1 1
devbot/internal/bot/router.go:502.3,508.9 3 1
devbot/internal/bot/router.go:510.2,511.49 2 1
devbot/internal/bot/router.go:511.49,513.3 1 1
devbot/internal/bot/router.go:514.2,515.81 2 1
devbot/internal/bot/router.go:518.62,520.49 2 1
devbot/internal/bot/router.go:520.49,522.3 1 1
devbot/internal/bot/router.go:523.2,530.116 3 1
devbot/internal/bot/router.go:533.62,535.49 2 1
devbot/internal/bot/router.go:535.49,537.3 1 1
devbot/internal/bot/router.go:538.2,539.95 2 1
devbot/internal/bot/router.go:542.62,544.30 2 1
devbot/internal/bot/router.go:544.30,547.3 2 1
devbot/internal/bot/router.go:548.2,548.59 1 1
devbot/internal/bot/router.go:551.65,553.30 2 1
devbot/internal/bot/router.go:553.30,556.3 2 1
devbot/internal/bot/router.go:557.2,558.41 2 1
devbot/internal/bot/router.go:561.69,564.15 3 1
devbot/internal/bot/router.go:564.15,566.3 1 1
devbot/internal/bot/router.go:566.8,568.3 1 1
devbot/internal/bot/router.go:569.2,569.41 1 1
devbot/internal/bot/router.go:572.67,576.2 3 1
devbot/internal/bot/router.go:578.62,581.45 3 1
devbot/internal/bot/router.go:581.45,584.3 2 1
devbot/internal/bot/router.go:585.2,586.41 2 1
devbot/internal/bot/router.go:589.67,592.16 3 1
devbot/internal/bot/router.go:592.16,594.3 1 1
devbot/internal/bot/router.go:595.2,596.41 2 1
devbot/internal/bot/router.go:599.70,601.16 2 1
devbot/internal/bot/router.go:601.16,605.3 3 1
devbot/internal/bot/router.go:607.2,608.41 2 1
devbot/internal/bot/router.go:611.63,613.30 2 1
devbot/internal/bot/router.go:613.30,616.3 2 1
devbot/internal/bot/router.go:617.2,618.53 2 1
devbot/internal/bot/router.go:621.62,624.16 3 1
devbot/internal/bot/router.go:624.16,626.3 1 1
devbot/internal/bot/router.go:627.2,628.18 2 1
devbot/internal/bot/router.go:628.18,630.3 1 1
devbot/internal/bot/router.go:631.2,632.19 2 1
devbot/internal/bot/router.go:632.19,634.3 1 1
devbot/internal/bot/router.go:635.2,636.28 2 1
devbot/internal/bot/router.go:636.28,638.3 1 1
devbot/internal/bot/router.go:639.2,641.77 2 1
devbot/internal/bot/router.go:644.68,645.16 1 1
devbot/internal/bot/router.go:645.16,648.3 2 1
devbot/internal/bot/router.go:649.2,651.41 3 1
devbot/internal/bot/router.go:654.66,657.16 3 1
devbot/internal/bot/router.go:657.16,659.3 1 1
devbot/internal/bot/router.go:659.8,661.3 1 1
devbot/internal/bot/router.go:662.2,662.41 1 1
devbot/internal/bot/router.go:665.65,669.2 3 1
devbot/internal/bot/router.go:671.68,672.16 1 1
devbot/internal/bot/router.go:672.16,675.3 2 1
devbot/internal/bot/router.go:676.2,678.41 3 1
devbot/internal/bot/router.go:681.68,684.16 3 1
devbot/internal/bot/router.go:684.16,686.3 1 1
devbot/internal/bot/router.go:686.8,688.3 1 1
devbot/internal/bot/router.go:689.2,689.41 1 1
devbot/internal/bot/router.go:692.63,694.30 2 1
devbot/internal/bot/router.go:694.30,697.3 2 1
devbot/internal/bot/router.go:698.2,700.41 3 1
devbot/internal/bot/router.go:703.70,706.16 3 1
devbot/internal/bot/router.go:706.16,708.3 1 1
devbot/internal/bot/router.go:709.2,710.41 2 1
devbot/internal/bot/router.go:713.66,714.16 1 1
devbot/internal/bot/router.go:714.16,717.3 2 1
devbot/internal/bot/router.go:718.2,720.41 3 1
devbot/internal/bot/router.go:725.68,726.16 1 1
devbot/internal/bot/router.go:726.16,729.3 2 1
devbot/internal/bot/router.go:730.2,732.19 3 1
devbot/internal/bot/router.go:732.19,734.3 1 0
devbot/internal/bot/router.go:736.2,750.22 12 1
devbot/internal/bot/router.go:750.22,751.21 1 1
devbot/internal/bot/router.go:751.21,753.4 1 1
devbot/internal/bot/router.go:754.3,754.30 1 1
devbot/internal/bot/router.go:757.2,758.52 2 1
devbot/internal/bot/router.go:758.52,760.3 1 1
devbot/internal/bot/router.go:762.2,763.20 2 1
devbot/internal/bot/router.go:763.20,765.3 1 1
devbot/internal/bot/router.go:767.2,768.64 2 1
devbot/internal/bot/router.go:768.64,771.3 2 0
devbot/internal/bot/router.go:771.8,771.26 1 1
devbot/internal/bot/router.go:771.26,773.3 1 1
devbot/internal/bot/router.go:774.2,774.109 1 1
devbot/internal/bot/router.go:777.68,778.16 1 1
devbot/internal/bot/router.go:778.16,781.3 2 1
devbot/internal/bot/router.go:782.2,784.18 3 1
devbot/internal/bot/router.go:784.18,787.3 2 1
devbot/internal/bot/router.go:788.2,789.16 2 1
devbot/internal/bot/router.go:789.16,792.3 2 1
devbot/internal/bot/router.go:793.2,793.114 1 1
devbot/internal/bot/router.go:797.39,798.19 1 1
devbot/internal/bot/router.go:798.19,800.3 1 1
devbot/internal/bot/router.go:801.2,804.34 4 1
devbot/internal/bot/router.go:804.34,806.3 1 1
devbot/internal/bot/router.go:807.2,808.22 2 1
devbot/internal/bot/router.go:808.22,810.3 1 1
devbot/internal/bot/router.go:811.2,811.15 1 1
devbot/internal/bot/router.go:815.46,816.19 1 1
devbot/internal/bot/router.go:816.19,818.3 1 1
devbot/internal/bot/router.go:819.2,822.34 4 1
devbot/internal/bot/router.go:822.34,824.3 1 1
devbot/internal/bot/router.go:825.2,826.18 2 1
devbot/internal/bot/router.go:826.18,828.3 1 1
devbot/internal/bot/router.go:829.2,830.54 2 1
devbot/internal/bot/router.go:834.59,836.28 2 1
devbot/internal/bot/router.go:836.28,838.3 1 1
devbot/internal/bot/router.go:839.2,839.95 1 1
devbot/internal/bot/router.go:856.44,859.36 3 1
devbot/internal/bot/router.go:859.36,861.19 2 1
devbot/internal/bot/router.go:861.19,864.4 2 1
devbot/internal/bot/router.go:866.2,866.13 1 1
devbot/internal/bot/router.go:870.35,873.20 3 1
devbot/internal/bot/router.go:873.20,875.3 1 1
devbot/internal/bot/router.go:876.2,876.27 1 1
devbot/internal/bot/router.go:876.27,879.28 3 1
devbot/internal/bot/router.go:879.28,881.24 2 1
devbot/internal/bot/router.go:881.24,883.5 1 1
devbot/internal/bot/router.go:883.10,885.5 1 1
devbot/internal/bot/router.go:886.4,886.14 1 1
devbot/internal/bot/router.go:889.2,889.15 1 1
devbot/internal/bot/router.go:892.30,893.11 1 1
devbot/internal/bot/router.go:893.11,894.12 1 1
devbot/internal/bot/router.go:894.12,896.4 1 1
devbot/internal/bot/router.go:897.3,897.11 1 1
devbot/internal/bot/router.go:899.2,899.11 1 1
devbot/internal/bot/router.go:899.11,901.3 1 1
devbot/internal/bot/router.go:902.2,902.10 1 1
devbot/internal/bot/router.go:908.40,909.30 1 1
devbot/internal/bot/router.go:909.30,911.3 1 1
devbot/internal/bot/router.go:912.2,912.18 1 1
devbot/internal/bot/router.go:912.18,914.3 1 1
devbot/internal/bot/router.go:915.2,915.65 1 1
devbot/internal/bot/router.go:918.45,919.27 1 1
devbot/internal/bot/router.go:919.27,921.3 1 1
devbot/internal/bot/router.go:922.2,923.42 2 1
devbot/internal/bot/router.go:923.42,925.3 1 1
devbot/internal/bot/router.go:926.2,929.78 4 1
devbot/internal/bot/router.go:929.78,930.33 1 1
devbot/internal/bot/router.go:930.33,932.4 1 1
devbot/internal/bot/router.go:933.3,934.20 2 1
devbot/internal/bot/router.go:934.20,936.4 1 0
devbot/internal/bot/router.go:937.3,937.60 1 1
devbot/internal/bot/router.go:937.60,940.4 2 1
devbot/internal/bot/router.go:941.3,941.13 1 1
devbot/internal/bot/router.go:943.2,943.14 1 1
devbot/internal/bot/router.go:950.73,954.28 2 1
devbot/internal/bot/router.go:954.28,956.39 2 1
devbot/internal/bot/router.go:956.39,958.4 1 1
devbot/internal/bot/router.go:962.2,963.36 2 1
devbot/internal/bot/router.go:963.36,964.73 1 1
devbot/internal/bot/router.go:964.73,966.4 1 1
devbot/internal/bot/router.go:968.2,968.15 1 1
devbot/internal/bot/router.go:974.52,975.27 1 1
devbot/internal/bot/router.go:975.27,977.3 1 1
devbot/internal/bot/router.go:978.2,979.42 2 1
devbot/internal/bot/router.go:979.42,981.3 1 1
devbot/internal/bot/router.go:982.2,982.33 1 1
devbot/internal/bot/router.go:985.67,989.20 4 1
devbot/internal/bot/router.go:989.20,991.3 1 1
devbot/internal/bot/router.go:992.2,992.20 1 1
devbot/internal/bot/router.go:992.20,994.3 1 1
devbot/internal/bot/router.go:996.2,996.13 1 1
devbot/internal/bot/router.go:997.14,998.37 1 1
devbot/internal/bot/router.go:999.14,1000.37 1 1
devbot/internal/bot/router.go:1001.14,1002.37 1 1
devbot/internal/bot/router.go:1003.16,1004.39 1 1
devbot/internal/bot/router.go:1005.14,1006.28 1 1
devbot/internal/bot/router.go:1007.10,1008.139 1 1
devbot/internal/bot/router.go:1009.10,1010.140 1 1
devbot/internal/bot/router.go:1014.71,1015.24 1 1
devbot/internal/bot/router.go:1015.24,1018.3 2 1
devbot/internal/bot/router.go:1019.2,1019.16 1 1
devbot/internal/bot/router.go:1019.16,1022.3 2 1
devbot/internal/bot/router.go:1024.2,1026.20 3 1
devbot/internal/bot/router.go:1026.20,1029.3 2 1
devbot/internal/bot/router.go:1031.2,1032.32 2 1
devbot/internal/bot/router.go:1032.32,1035.3 2 1
devbot/internal/bot/router.go:1037.2,1038.16 2 1
devbot/internal/bot/router.go:1038.16,1041.3 2 1
devbot/internal/bot/router.go:1043.2,1047.16 4 1
devbot/internal/bot/router.go:1047.16,1050.3 2 1
devbot/internal/bot/router.go:1052.2,1056.84 4 1
devbot/internal/bot/router.go:1059.71,1060.24 1 1
devbot/internal/bot/router.go:1060.24,1063.3 2 1
devbot/internal/bot/router.go:1064.2,1064.16 1 1
devbot/internal/bot/router.go:1064.16,1067.3 2 1
devbot/internal/bot/router.go:1069.2,1071.17 3 1
devbot/internal/bot/router.go:1071.17,1074.3 2 1
devbot/internal/bot/router.go:1076.2,1077.32 2 1
devbot/internal/bot/router.go:1077.32,1080.3 2 1
devbot/internal/bot/router.go:1082.2,1083.16 2 1
devbot/internal/bot/router.go:1083.16,1086.3 2 1
devbot/internal/bot/router.go:1088.2,1088.70 1 1
devbot/internal/bot/router.go:1088.70,1091.3 2 1
devbot/internal/bot/router.go:1093.2,1093.81 1 1
devbot/internal/bot/router.go:1096.71,1098.20 2 1
devbot/internal/bot/router.go:1098.20,1101.3 2 1
devbot/internal/bot/router.go:1103.2,1105.20 3 1
devbot/internal/bot/router.go:1105.20,1108.3 1 1
devbot/internal/bot/router.go:1110.2,1111.32 2 1
devbot/internal/bot/router.go:1111.32,1114.3 2 1
devbot/internal/bot/router.go:1116.2,1120.90 4 1
devbot/internal/bot/router.go:1123.73,1124.16 1 1
devbot/internal/bot/router.go:1124.16,1127.3 2 1
devbot/internal/bot/router.go:1129.2,1131.17 3 1
devbot/internal/bot/router.go:1131.17,1134.3 2 1
devbot/internal/bot/router.go:1136.2,1139.78 3 1
devbot/internal/bot/router.go:1142.65,1144.24 2 1
devbot/internal/bot/router.go:1144.24,1147.3 2 1
devbot/internal/bot/router.go:1149.2,1150.36 2 1
devbot/internal/bot/router.go:1150.36,1152.3 1 1
devbot/internal/bot/router.go:1153.2,1153.106 1 1
devbot/internal/bot/router.go:1156.108,1157.29 1 1
devbot/internal/bot/router.go:1157.29,1159.3 1 1
devbot/internal/bot/router.go:1161.2,1165.50 3 1
devbot/internal/bot/router.go:1165.50,1168.3 2 1
devbot/internal/bot/router.go:1169.2,1170.63 2 1
devbot/internal/bot/router.go:1170.63,1173.3 2 1
devbot/internal/bot/router.go:1175.2,1177.41 3 1
devbot/internal/bot/router.go:1180.114,1181.29 1 1
devbot/internal/bot/router.go:1181.29,1183.3 1 1
devbot/internal/bot/router.go:1185.2,1189.50 3 1
devbot/internal/bot/router.go:1189.50,1192.3 2 1
devbot/internal/bot/router.go:1194.2,1195.29 2 1
devbot/internal/bot/router.go:1195.29,1197.63 2 1
devbot/internal/bot/router.go:1197.63,1199.12 2 1
devbot/internal/bot/router.go:1201.3,1201.43 1 1
devbot/internal/bot/router.go:1205.2,1206.39 2 1
devbot/internal/bot/router.go:1206.39,1208.3 1 1
devbot/internal/bot/router.go:1208.8,1208.23 1 1
devbot/internal/bot/router.go:1208.23,1210.3 1 1
devbot/internal/bot/router.go:1210.8,1210.32 1 1
devbot/internal/bot/router.go:1210.32,1212.3 1 1
devbot/internal/bot/router.go:1212.8,1214.3 1 1
devbot/internal/bot/router.go:1216.2,1216.41 1 1
devbot/internal/bot/router.go:1219.99,1220.29 1 1
devbot/internal/bot/router.go:1220.29,1222.3 1 1
devbot/internal/bot/router.go:1224.2,1228.63 3 1
devbot/internal/bot/router.go:1228.63,1231.3 2 1
devbot/internal/bot/router.go:1233.2,1235.41 3 1
devbot/internal/bot/router.go:1238.83,1239.29 1 1
devbot/internal/bot/router.go:1239.29,1241.3 1 1
devbot/internal/bot/router.go:1242.2,1242.217 1 1
devbot/internal/bot/router.go:1245.73,1248.49 2 1
devbot/internal/bot/router.go:1248.49,1250.3 1 1
devbot/internal/bot/router.go:1251.2,1251.39 1 1
devbot/internal/bot/router.go:1254.86,1255.20 1 1
devbot/internal/bot/router.go:1255.20,1257.18 2 1
devbot/internal/bot/router.go:1257.18,1259.4 1 1
devbot/internal/bot/router.go:1260.3,1260.44 1 1
devbot/internal/bot/router.go:1260.44,1262.4 1 1
devbot/internal/bot/router.go:1262.18,1264.4 1 1
devbot/internal/bot/router.go:1265.8,1267.3 1 1
devbot/internal/bot/router.go:1270.80,1274.20 3 1
devbot/internal/bot/router.go:1274.20,1276.3 1 1
devbot/internal/bot/router.go:1278.2,1282.34 4 1
devbot/internal/bot/router.go:1282.34,1288.30 4 1
devbot/internal/bot/router.go:1288.30,1290.4 1 1
devbot/internal/bot/router.go:1291.3,1291.33 1 1
devbot/internal/bot/router.go:1291.33,1293.4 1 1
devbot/internal/bot/router.go:1295.3,1298.60 4 1
devbot/internal/bot/router.go:1301.2,1303.16 3 1
devbot/internal/bot/router.go:1303.16,1305.96 1 1
devbot/internal/bot/router.go:1305.96,1307.51 2 1
devbot/internal/bot/router.go:1307.51,1310.5 2 1
devbot/internal/bot/router.go:1311.4,1313.57 3 1
devbot/internal/bot/router.go:1316.2,1316.16 1 1
devbot/internal/bot/router.go:1316.16,1320.3 3 1
devbot/internal/bot/router.go:1322.2,1322.49 1 1
devbot/internal/bot/router.go:1322.49,1324.29 2 1
devbot/internal/bot/router.go:1324.29,1327.28 2 1
devbot/internal/bot/router.go:1327.28,1329.5 1 1
devbot/internal/bot/router.go:1330.4,1330.23 1 1
devbot/internal/bot/router.go:1330.23,1332.5 1 1
devbot/internal/bot/router.go:1335.2,1338.18 3 1
devbot/internal/bot/router.go:1338.18,1340.3 1 1
devbot/internal/bot/router.go:1341.2,1342.31 2 1
devbot/internal/bot/router.go:1342.31,1343.36 1 1
devbot/internal/bot/router.go:1343.36,1345.4 1 1
devbot/internal/bot/router.go:1346.3,1346.9 1 1
devbot/internal/bot/router.go:1349.2,1349.35 1 1
devbot/internal/bot/router.go:1349.35,1351.3 1 1
devbot/internal/bot/router.go:1352.2,1352.83 1 1
devbot/internal/bot/sender.go:20.53,22.2 1 0
devbot/internal/bot/sender.go:24.71,33.2 2 1
devbot/internal/bot/sender.go:35.79,43.16 3 0
devbot/internal/bot/sender.go:43.16,46.3 2 0
devbot/internal/bot/sender.go:47.2,47.43 1 0
devbot/internal/bot/sender.go:47.43,49.3 1 0
devbot/internal/bot/sender.go:49.8,49.24 1 0
devbot/internal/bot/sender.go:49.24,55.73 2 0
devbot/internal/bot/sender.go:55.73,57.4 1 0
devbot/internal/bot/sender.go:59.2,59.12 1 0
devbot/internal/bot/sender.go:62.53,63.25 1 1
devbot/internal/bot/sender.go:63.25,65.3 1 1
devbot/internal/bot/sender.go:67.2,68.20 2 1
devbot/internal/bot/sender.go:68.20,69.26 1 1
devbot/internal/bot/sender.go:69.26,71.9 2 1
devbot/internal/bot/sender.go:75.3,77.70 2 1
devbot/internal/bot/sender.go:77.70,79.4 1 1
devbot/internal/bot/sender.go:82.3,83.30 2 1
devbot/internal/bot/sender.go:83.30,84.23 1 1
devbot/internal/bot/sender.go:84.23,86.5 1 1
devbot/internal/bot/sender.go:88.3,88.22 1 1
devbot/internal/bot/sender.go:88.22,90.4 1 1
devbot/internal/bot/sender.go:92.3,93.22 2 1
devbot/internal/bot/sender.go:95.2,95.15 1 1
devbot/internal/bot/sender.go:98.86,100.31 2 0
devbot/internal/bot/sender.go:100.31,101.56 1 0
devbot/internal/bot/sender.go:101.56,103.4 1 0
devbot/internal/bot/sender.go:105.2,105.12 1 0
devbot/internal/bot/sender.go:110.57,120.22 3 1
devbot/internal/bot/sender.go:120.22,122.17 2 1
devbot/internal/bot/sender.go:122.17,124.4 1 1
devbot/internal/bot/sender.go:125.3,131.4 1 1
devbot/internal/bot/sender.go:133.2,133.13 1 1
devbot/internal/bot/sender.go:136.87,138.16 2 0
devbot/internal/bot/sender.go:138.16,141.3 2 0
devbot/internal/bot/sender.go:144.2,144.32 1 0
devbot/internal/bot/sender.go:144.32,146.23 2 0
devbot/internal/bot/sender.go:146.23,148.4 1 0
devbot/internal/bot/sender.go:149.3,149.50 1 0
devbot/internal/bot/sender.go:152.2,164.16 3 0
devbot/internal/bot/sender.go:164.16,167.3 2 0
devbot/internal/bot/sender.go:168.2,168.43 1 0
devbot/internal/bot/sender.go:168.43,170.3 1 0
devbot/internal/bot/sender.go:170.8,170.24 1 0
devbot/internal/bot/sender.go:170.24,175.73 2 0
devbot/internal/bot/sender.go:175.73,177.4 1 0
devbot/internal/bot/sender.go:179.2,179.12 1 0
devbot/internal/bot/store.go:33.44,42.16 3 1
devbot/internal/bot/store.go:42.16,43.25 1 1
devbot/internal/bot/store.go:43.25,45.4 1 1
devbot/internal/bot/store.go:46.3,46.18 1 1
devbot/internal/bot/store.go:48.2,48.54 1 1
devbot/internal/bot/store.go:48.54,50.3 1 1
devbot/internal/bot/store.go:51.2,51.26 1 1
devbot/internal/bot/store.go:51.26,53.3 1 1
devbot/internal/bot/store.go:54.2,54.32 1 1
devbot/internal/bot/store.go:54.32,56.3 1 1
devbot/internal/bot/store.go:57.2,57.15 1 1
devbot/internal/bot/store.go:62.32,64.2 1 1
devbot/internal/bot/store.go:69.81,73.17 4 1
devbot/internal/bot/store.go:73.17,79.3 2 1
devbot/internal/bot/store.go:81.2,83.11 3 1
devbot/internal/bot/store.go:86.35,90.2 3 1
devbot/internal/bot/store.go:92.42,96.2 3 1
devbot/internal/bot/store.go:98.49,103.40 4 1
devbot/internal/bot/store.go:103.40,105.3 1 1
devbot/internal/bot/store.go:106.2,106.11 1 1
devbot/internal/bot/store.go:109.55,113.2 3 1
devbot/internal/bot/store.go:115.51,119.2 3 1
devbot/internal/bot/store.go:123.65,126.43 3 1
devbot/internal/bot/store.go:126.43,128.3 1 1
devbot/internal/bot/store.go:132.95,136.17 4 1
devbot/internal/bot/store.go:136.17,138.3 1 1
devbot/internal/bot/store.go:139.2,139.76 1 1
devbot/internal/bot/store.go:142.30,146.16 4 1
devbot/internal/bot/store.go:146.16,148.3 1 0
devbot/internal/bot/store.go:149.2,150.47 2 1
devbot/internal/bot/store.go:150.47,152.3 1 1
devbot/internal/bot/store.go:153.2,154.54 2 1
devbot/internal/bot/store.go:154.54,156.3 1 1
devbot/internal/bot/store.go:157.2,157.31 1 1
